<?xml version="1.0" encoding="UTF-8"?>
<!-- Generated by org.testng.reporters.JUnitReportReporter -->
<testsuite name="SentioTestScenarios.MasterRecordDashboard" tests="8" failures="0" timestamp="27 Feb 2020 08:58:31 GMT" time="262.323" errors="0">
  <testcase name="CalendarTodoAndReportsRedirection6" time="34.817" classname="SentioTestScenarios.MasterRecordDashboard"/>
  <testcase name="OpenBatchRecords1" time="33.620" classname="SentioTestScenarios.MasterRecordDashboard"/>
  <testcase name="CheckBackButtonLink5" time="62.224" classname="SentioTestScenarios.MasterRecordDashboard"/>
  <testcase name="SearchFilterUsingRecordName3" time="30.010" classname="SentioTestScenarios.MasterRecordDashboard"/>
  <testcase name="SearchFilterUsingRecordNamePartially4" time="28.843" classname="SentioTestScenarios.MasterRecordDashboard"/>
  <testcase name="LoginBasedOnAccessRoleUser8" time="23.233" classname="SentioTestScenarios.MasterRecordDashboard"/>
  <testcase name="SearchFilterUsingCategory2" time="25.760" classname="SentioTestScenarios.MasterRecordDashboard"/>
  <testcase name="LoginBasedOnAccessRoleQA7" time="23.816" classname="SentioTestScenarios.MasterRecordDashboard"/>
</testsuite> <!-- SentioTestScenarios.MasterRecordDashboard -->
