<?xml version="1.0" encoding="UTF-8"?>
<!-- Generated by org.testng.reporters.JUnitReportReporter -->
<testsuite name="SentioTestScenarios.MasterRecordUploadAssets" tests="10" failures="0" timestamp="25 Feb 2020 13:36:18 GMT" time="735.584" errors="0">
  <testcase name="UploadFileWithTheSameRecordName9" time="61.202" classname="SentioTestScenarios.MasterRecordUploadAssets"/>
  <testcase name="ContinueWithoutUploading1" time="42.284" classname="SentioTestScenarios.MasterRecordUploadAssets"/>
  <testcase name="DeleteTheUploadedFile5" time="56.511" classname="SentioTestScenarios.MasterRecordUploadAssets"/>
  <testcase name="UploadTheSameFileAfterSaveAndOpen4" time="97.422" classname="SentioTestScenarios.MasterRecordUploadAssets"/>
  <testcase name="UploadTheDeletedFile7" time="105.946" classname="SentioTestScenarios.MasterRecordUploadAssets"/>
  <testcase name="UploadFileWithTheSameRecordNameAfterSaveAndOpen10" time="115.408" classname="SentioTestScenarios.MasterRecordUploadAssets"/>
  <testcase name="ContinueWithUpload2" time="52.622" classname="SentioTestScenarios.MasterRecordUploadAssets"/>
  <testcase name="DeleteTheFileAfterSaveAndOpen6" time="106.509" classname="SentioTestScenarios.MasterRecordUploadAssets"/>
  <testcase name="UploadTheSameFile3" time="59.197" classname="SentioTestScenarios.MasterRecordUploadAssets"/>
  <testcase name="UploadFileWithoutSpecifyingTheRecordName8" time="38.483" classname="SentioTestScenarios.MasterRecordUploadAssets"/>
</testsuite> <!-- SentioTestScenarios.MasterRecordUploadAssets -->
