<?xml version="1.0" encoding="UTF-8"?>
<!-- Generated by org.testng.reporters.JUnitReportReporter -->
<testsuite name="SentioTestScenarios.New" tests="1" failures="0" timestamp="24 Oct 2019 11:11:58 GMT" time="120.360" errors="0">
  <testcase name="Complete1" time="120.360" classname="SentioTestScenarios.New"/>
</testsuite> <!-- SentioTestScenarios.New -->
