<?xml version="1.0" encoding="UTF-8"?>
<!-- Generated by org.testng.reporters.JUnitReportReporter -->
<testsuite name="SentioTestScenarios.CompareInputMterial" tests="1" failures="0" timestamp="13 Mar 2020 12:49:21 GMT" time="208.242" errors="0">
  <testcase name="Login" time="208.242" classname="SentioTestScenarios.CompareInputMterial"/>
</testsuite> <!-- SentioTestScenarios.CompareInputMterial -->
