<?xml version="1.0" encoding="UTF-8"?>
<!-- Generated by org.testng.reporters.JUnitReportReporter -->
<testsuite name="SentioTestScenarios.MasterRecordBasicDetails" tests="4" failures="0" timestamp="25 Feb 2020 12:34:25 GMT" time="296.759" errors="0">
  <testcase name="ExitBasicDetailsPopUpFormAfterFillingItUpFully3" time="56.377" classname="SentioTestScenarios.MasterRecordBasicDetails"/>
  <testcase name="FillUpAndContinue4" time="52.712" classname="SentioTestScenarios.MasterRecordBasicDetails"/>
  <testcase name="ExitWithoutFillingUpBasicDetails1" time="103.695" classname="SentioTestScenarios.MasterRecordBasicDetails"/>
  <testcase name="ExitBasicDetailsPopUpFormAfterFillingItUpPartially2" time="83.975" classname="SentioTestScenarios.MasterRecordBasicDetails"/>
</testsuite> <!-- SentioTestScenarios.MasterRecordBasicDetails -->
