<?xml version="1.0" encoding="UTF-8"?>
<!-- Generated by org.testng.reporters.JUnitReportReporter -->
<testsuite name="SentioTestScenarios.reportFile" tests="1" failures="0" timestamp="11 Mar 2020 07:12:54 GMT" time="5.261" errors="0">
  <testcase name="extentReportsDemo" time="5.261" classname="SentioTestScenarios.reportFile"/>
</testsuite> <!-- SentioTestScenarios.reportFile -->
