<?xml version="1.0" encoding="UTF-8"?>
<!-- Generated by org.testng.reporters.JUnitReportReporter -->
<testsuite name="SentioTestScenarios.InputMaterial" tests="1" failures="0" timestamp="13 Mar 2020 06:00:20 GMT" time="118.769" errors="0">
  <testcase name="Login" time="118.769" classname="SentioTestScenarios.InputMaterial"/>
</testsuite> <!-- SentioTestScenarios.InputMaterial -->
