<?xml version="1.0" encoding="UTF-8"?>
<!-- Generated by org.testng.reporters.JUnitReportReporter -->
<testsuite name="SentioTestScenarios.MasterRecordFormBuilder2" tests="6" failures="0" timestamp="2 Mar 2020 11:44:50 GMT" time="651.072" errors="0">
  <testcase name="ExpressionQuestionType4" time="120.024" classname="SentioTestScenarios.MasterRecordFormBuilder2"/>
  <testcase name="UploadFileForAQuestion1" time="93.677" classname="SentioTestScenarios.MasterRecordFormBuilder2"/>
  <testcase name="StopWatch6" time="96.781" classname="SentioTestScenarios.MasterRecordFormBuilder2"/>
  <testcase name="AddValidators8" time="113.206" classname="SentioTestScenarios.MasterRecordFormBuilder2"/>
  <testcase name="TimerQuestionType5" time="105.472" classname="SentioTestScenarios.MasterRecordFormBuilder2"/>
  <testcase name="DataFieldQuestionType2" time="121.912" classname="SentioTestScenarios.MasterRecordFormBuilder2"/>
</testsuite> <!-- SentioTestScenarios.MasterRecordFormBuilder2 -->
