<?xml version="1.0" encoding="UTF-8"?>
<!-- Generated by org.testng.reporters.JUnitReportReporter -->
<testsuite name="SentioTestScenarios.MultiStage" tests="7" failures="0" timestamp="25 Oct 2019 07:14:28 GMT" time="148.398" errors="0">
  <testcase name="CreateBatchForMultiStage2" time="16.509" classname="SentioTestScenarios.MultiStage"/>
  <testcase name="EditorThirdPage5" time="16.328" classname="SentioTestScenarios.MultiStage"/>
  <testcase name="EditorFirstPage3" time="27.738" classname="SentioTestScenarios.MultiStage"/>
  <testcase name="EditorFinalPage6" time="28.278" classname="SentioTestScenarios.MultiStage"/>
  <testcase name="CreateMasterForMultiStage1" time="12.987" classname="SentioTestScenarios.MultiStage"/>
  <testcase name="EditorSecondPage4" time="16.128" classname="SentioTestScenarios.MultiStage"/>
  <testcase name="ViewEditor7" time="30.430" classname="SentioTestScenarios.MultiStage"/>
</testsuite> <!-- SentioTestScenarios.MultiStage -->
