<?xml version="1.0" encoding="UTF-8"?>
<!-- Generated by org.testng.reporters.JUnitReportReporter -->
<testsuite name="SentioTestScenarios.NewMasterViewForm" tests="4" failures="0" timestamp="3 Mar 2020 07:10:21 GMT" time="487.058" errors="0">
  <testcase name="CheckedOutMasterRecord4" time="49.281" classname="SentioTestScenarios.NewMasterViewForm"/>
  <testcase name="DraftMasterRecord1" time="175.188" classname="SentioTestScenarios.NewMasterViewForm"/>
  <testcase name="DraftMasterRecordAddQuestion2" time="97.842" classname="SentioTestScenarios.NewMasterViewForm"/>
  <testcase name="PublishedMasterRecord3" time="164.747" classname="SentioTestScenarios.NewMasterViewForm"/>
</testsuite> <!-- SentioTestScenarios.NewMasterViewForm -->
