<?xml version="1.0" encoding="UTF-8"?>
<!-- Generated by org.testng.reporters.JUnitReportReporter -->
<testsuite name="SentioTestScenarios.CloseBatch" tests="10" failures="0" timestamp="25 Oct 2019 06:42:03 GMT" time="288.166" errors="0">
  <testcase name="LoginAsQAAndCheckBeforeCloseBatch5" time="17.593" classname="SentioTestScenarios.CloseBatch"/>
  <testcase name="AfterCompleteDeviationCloseBatch10" time="61.870" classname="SentioTestScenarios.CloseBatch"/>
  <testcase name="LoginAsQAAndExitBatch3" time="17.625" classname="SentioTestScenarios.CloseBatch"/>
  <testcase name="LoginAsAdminAndCheckAfterCloseBatch6" time="11.439" classname="SentioTestScenarios.CloseBatch"/>
  <testcase name="CompleteDeviation9" time="78.588" classname="SentioTestScenarios.CloseBatch"/>
  <testcase name="LoginAsQAAndClose2" time="16.618" classname="SentioTestScenarios.CloseBatch"/>
  <testcase name="LoginAsAdminAndCheckBeforeCloseBatch4" time="11.538" classname="SentioTestScenarios.CloseBatch"/>
  <testcase name="BeforeCompleteDeviationCloseBatch8" time="38.260" classname="SentioTestScenarios.CloseBatch"/>
  <testcase name="LoginAsQAAndCheckAfterCloseBatch7" time="11.748" classname="SentioTestScenarios.CloseBatch"/>
  <testcase name="LoginAsDifferentUserFillFinalStageAndCloseBatch1" time="22.887" classname="SentioTestScenarios.CloseBatch"/>
</testsuite> <!-- SentioTestScenarios.CloseBatch -->
