<?xml version="1.0" encoding="UTF-8"?>
<!-- Generated by org.testng.reporters.JUnitReportReporter -->
<testsuite name="SentioTestScenarios.MasterRecordFormBuilder3" tests="11" failures="0" timestamp="4 Mar 2020 05:27:17 GMT" time="1850.788" errors="0">
  <testcase name="SetRolesToPageNew10" time="250.188" classname="SentioTestScenarios.MasterRecordFormBuilder3"/>
  <testcase name="SetRolesToPagepublish11" time="201.659" classname="SentioTestScenarios.MasterRecordFormBuilder3"/>
  <testcase name="AddVerify8" time="188.309" classname="SentioTestScenarios.MasterRecordFormBuilder3"/>
  <testcase name="SetRolesToPageNew12" time="249.057" classname="SentioTestScenarios.MasterRecordFormBuilder3"/>
  <testcase name="SetRolesToPageNewpublish13" time="200.663" classname="SentioTestScenarios.MasterRecordFormBuilder3"/>
  <testcase name="AddBy9" time="63.478" classname="SentioTestScenarios.MasterRecordFormBuilder3"/>
  <testcase name="DataFieldQuestionType1" time="191.483" classname="SentioTestScenarios.MasterRecordFormBuilder3"/>
  <testcase name="ExpressionQuestionType3" time="179.316" classname="SentioTestScenarios.MasterRecordFormBuilder3"/>
  <testcase name="TimerQuestionType4" time="52.860" classname="SentioTestScenarios.MasterRecordFormBuilder3"/>
  <testcase name="AddValidators7" time="90.386" classname="SentioTestScenarios.MasterRecordFormBuilder3"/>
  <testcase name="StopWatch5" time="183.389" classname="SentioTestScenarios.MasterRecordFormBuilder3"/>
</testsuite> <!-- SentioTestScenarios.MasterRecordFormBuilder3 -->
