<?xml version="1.0" encoding="UTF-8"?>
<!-- Generated by org.testng.reporters.JUnitReportReporter -->
<testsuite name="TestSuiteSentio.TestSuite" tests="1" failures="0" timestamp="28 Feb 2020 07:19:43 GMT" time="0.009" errors="0">
  <testcase name="f" time="0.009" classname="TestSuiteSentio.TestSuite"/>
</testsuite> <!-- TestSuiteSentio.TestSuite -->
