<?xml version="1.0" encoding="UTF-8"?>
<!-- Generated by org.testng.reporters.JUnitReportReporter -->
<testsuite name="SentioTestScenarios.MasterRecordPreview" tests="1" failures="0" timestamp="3 Mar 2020 05:39:52 GMT" time="168.178" errors="0">
  <testcase name="QuestionType1" time="168.178" classname="SentioTestScenarios.MasterRecordPreview"/>
</testsuite> <!-- SentioTestScenarios.MasterRecordPreview -->
