<?xml version="1.0" encoding="UTF-8"?>
<!-- Generated by org.testng.reporters.JUnitReportReporter -->
<testsuite name="SentioTestScenarios.BatchRecordDashboard" tests="5" failures="0" timestamp="27 Feb 2020 08:53:05 GMT" time="153.513" errors="0">
  <testcase name="SearchFilterUsingCategory1" time="19.809" classname="SentioTestScenarios.BatchRecordDashboard"/>
  <testcase name="CheckBackButtonLink4" time="62.354" classname="SentioTestScenarios.BatchRecordDashboard"/>
  <testcase name="SearchFilterUsingRecordName2" time="23.498" classname="SentioTestScenarios.BatchRecordDashboard"/>
  <testcase name="CalendarTodoAndReportsRedirection5" time="31.212" classname="SentioTestScenarios.BatchRecordDashboard"/>
  <testcase name="SearchFilterUsingRecordNamePartially3" time="16.640" classname="SentioTestScenarios.BatchRecordDashboard"/>
</testsuite> <!-- SentioTestScenarios.BatchRecordDashboard -->
