<?xml version="1.0" encoding="UTF-8"?>
<!-- Generated by org.testng.reporters.JUnitReportReporter -->
<testsuite name="SentioTestScenarios.MasterRecordPublish" tests="1" failures="0" timestamp="3 Mar 2020 05:48:00 GMT" time="229.603" errors="0">
  <testcase name="QuestionType1" time="229.603" classname="SentioTestScenarios.MasterRecordPublish"/>
</testsuite> <!-- SentioTestScenarios.MasterRecordPublish -->
