<?xml version="1.0" encoding="UTF-8"?>
<!-- Generated by org.testng.reporters.JUnitReportReporter -->
<testsuite name="SentioTestScenarios.MasterRecordFormBuilder" tests="14" failures="0" timestamp="2 Mar 2020 11:26:22 GMT" time="1389.594" errors="0">
  <testcase name="AddQuestionTypesPartTwo4" time="131.749" classname="SentioTestScenarios.MasterRecordFormBuilder"/>
  <testcase name="AddBy6" time="129.986" classname="SentioTestScenarios.MasterRecordFormBuilder"/>
  <testcase name="DeleteQuestionAfterSave12" time="74.527" classname="SentioTestScenarios.MasterRecordFormBuilder"/>
  <testcase name="CopyQuestionAfterSaveWhenAddMultipleQuestions10" time="97.132" classname="SentioTestScenarios.MasterRecordFormBuilder"/>
  <testcase name="CopyQuestionBeforeSave7" time="68.474" classname="SentioTestScenarios.MasterRecordFormBuilder"/>
  <testcase name="DeleteQuestionBeforeSave11" time="83.545" classname="SentioTestScenarios.MasterRecordFormBuilder"/>
  <testcase name="DeleteQuestionAfterSaveWhenAddMultipleQuestions14" time="95.413" classname="SentioTestScenarios.MasterRecordFormBuilder"/>
  <testcase name="AddVerify5" time="131.966" classname="SentioTestScenarios.MasterRecordFormBuilder"/>
  <testcase name="CopyQuestionBeforeSaveWhenAddMultipleQuestions9" time="87.321" classname="SentioTestScenarios.MasterRecordFormBuilder"/>
  <testcase name="AddDifferentPages1" time="67.959" classname="SentioTestScenarios.MasterRecordFormBuilder"/>
  <testcase name="AddQuestionTypes3" time="160.785" classname="SentioTestScenarios.MasterRecordFormBuilder"/>
  <testcase name="DeleteQuestionBeforeSaveWhenAddMultipleQuestions13" time="83.275" classname="SentioTestScenarios.MasterRecordFormBuilder"/>
  <testcase name="SetRolesToPage2" time="111.554" classname="SentioTestScenarios.MasterRecordFormBuilder"/>
  <testcase name="CopyQuestionAfterSave8" time="65.908" classname="SentioTestScenarios.MasterRecordFormBuilder"/>
</testsuite> <!-- SentioTestScenarios.MasterRecordFormBuilder -->
