<?xml version="1.0" encoding="UTF-8"?>
<!-- Generated by org.testng.reporters.JUnitReportReporter -->
<testsuite name="SentioTestScenarios.EquipmentValid" tests="4" failures="0" timestamp="11 Mar 2020 13:49:52 GMT" time="439.360" errors="0">
  <testcase name="Status_and_Cleaneddate" time="156.720" classname="SentioTestScenarios.EquipmentValid"/>
  <testcase name="Status1_and_Cleaneddate1" time="31.393" classname="SentioTestScenarios.EquipmentValid"/>
  <testcase name="Login_TempOutOfService" time="158.919" classname="SentioTestScenarios.EquipmentValid"/>
  <testcase name="Calibirationdue" time="92.328" classname="SentioTestScenarios.EquipmentValid"/>
</testsuite> <!-- SentioTestScenarios.EquipmentValid -->
