<?xml version="1.0" encoding="UTF-8"?>
<!-- Generated by org.testng.reporters.JUnitReportReporter -->
<testsuite name="SentioTestScenarios.MasterRecordNewVersion" tests="2" failures="0" timestamp="3 Mar 2020 06:52:35 GMT" time="395.969" errors="0">
  <testcase name="NewVersionOnADraftMasterRecord1" time="196.257" classname="SentioTestScenarios.MasterRecordNewVersion"/>
  <testcase name="NewVersionOnAPublishedMasterRecord2" time="199.712" classname="SentioTestScenarios.MasterRecordNewVersion"/>
</testsuite> <!-- SentioTestScenarios.MasterRecordNewVersion -->
