<?xml version="1.0" encoding="UTF-8"?>
<!-- Generated by org.testng.reporters.JUnitReportReporter -->
<testsuite name="SentioTestScenarios.BatchIssuance" tests="4" failures="0" timestamp="3 Mar 2020 09:15:26 GMT" time="464.402" errors="0">
  <testcase name="CreateBatchContinueAndCloseUserAssign3" time="183.130" classname="SentioTestScenarios.BatchIssuance"/>
  <testcase name="CreateBatchAndContinue4" time="61.867" classname="SentioTestScenarios.BatchIssuance"/>
  <testcase name="CreateBatchAndContinue2" time="50.497" classname="SentioTestScenarios.BatchIssuance"/>
  <testcase name="CreateBatchAndClose1" time="168.908" classname="SentioTestScenarios.BatchIssuance"/>
</testsuite> <!-- SentioTestScenarios.BatchIssuance -->
