<?xml version="1.0" encoding="UTF-8"?>
<!-- Generated by org.testng.reporters.JUnitReportReporter -->
<testsuite name="SentioTestScenarios.MasterRecordSaveAs" tests="6" failures="0" timestamp="3 Mar 2020 06:18:18 GMT" time="823.535" errors="0">
  <testcase name="CopyTheDraftMasterRecord2" time="84.125" classname="SentioTestScenarios.MasterRecordSaveAs"/>
  <testcase name="RecheckTheMainFileStatusForCopyThePublishedMasterRecord5" time="175.679" classname="SentioTestScenarios.MasterRecordSaveAs"/>
  <testcase name="CopyTheDraftMasterRecordAndAddQuestion4" time="211.563" classname="SentioTestScenarios.MasterRecordSaveAs"/>
  <testcase name="RecheckTheMainFileStatusForCopyTheDraftMasterRecord6" time="47.532" classname="SentioTestScenarios.MasterRecordSaveAs"/>
  <testcase name="CopyThePublishedMasterRecordAndAddQuestion3" time="221.049" classname="SentioTestScenarios.MasterRecordSaveAs"/>
  <testcase name="CopyThePublishedMasterRecord1" time="83.587" classname="SentioTestScenarios.MasterRecordSaveAs"/>
</testsuite> <!-- SentioTestScenarios.MasterRecordSaveAs -->
